[1.151s] Invoking command in '/home/anant/gesture_controlled_arm/arm_ws/src/ik_solver': PYTHONPATH=/home/anant/gesture_controlled_arm/arm_ws/build/ik_solver/prefix_override:/usr/lib/python3/dist-packages/colcon_core/task/python/colcon_distutils_commands:/home/anant/gesture_controlled_arm/arm_ws/install/ik_solver/lib/python3.10/site-packages:${PYTHONPATH} /usr/bin/python3 -W ignore:setup.py install is deprecated -W ignore:easy_install command is deprecated setup.py egg_info --egg-base ../../build/ik_solver build --build-base /home/anant/gesture_controlled_arm/arm_ws/build/ik_solver/build install --record /home/anant/gesture_controlled_arm/arm_ws/build/ik_solver/install.log --single-version-externally-managed install_data
[1.369s] running egg_info
[1.382s] writing ../../build/ik_solver/ik_solver.egg-info/PKG-INFO
[1.383s] writing dependency_links to ../../build/ik_solver/ik_solver.egg-info/dependency_links.txt
[1.383s] writing entry points to ../../build/ik_solver/ik_solver.egg-info/entry_points.txt
[1.383s] writing requirements to ../../build/ik_solver/ik_solver.egg-info/requires.txt
[1.383s] writing top-level names to ../../build/ik_solver/ik_solver.egg-info/top_level.txt
[1.410s] reading manifest file '../../build/ik_solver/ik_solver.egg-info/SOURCES.txt'
[1.411s] writing manifest file '../../build/ik_solver/ik_solver.egg-info/SOURCES.txt'
[1.411s] running build
[1.411s] running build_py
[1.411s] copying ik_solver/ik_solver.py -> /home/anant/gesture_controlled_arm/arm_ws/build/ik_solver/build/lib/ik_solver
[1.412s] copying ik_solver/__init__.py -> /home/anant/gesture_controlled_arm/arm_ws/build/ik_solver/build/lib/ik_solver
[1.412s] running install
[1.415s] running install_lib
[1.429s] running install_data
[1.430s] copying resource/ik_solver -> /home/anant/gesture_controlled_arm/arm_ws/install/ik_solver/share/ament_index/resource_index/packages
[1.430s] copying package.xml -> /home/anant/gesture_controlled_arm/arm_ws/install/ik_solver/share/ik_solver
[1.430s] running install_egg_info
[1.445s] removing '/home/anant/gesture_controlled_arm/arm_ws/install/ik_solver/lib/python3.10/site-packages/ik_solver-0.0.0-py3.10.egg-info' (and everything under it)
[1.445s] Copying ../../build/ik_solver/ik_solver.egg-info to /home/anant/gesture_controlled_arm/arm_ws/install/ik_solver/lib/python3.10/site-packages/ik_solver-0.0.0-py3.10.egg-info
[1.446s] running install_scripts
[1.474s] Installing ik_solver script to /home/anant/gesture_controlled_arm/arm_ws/install/ik_solver/lib/ik_solver
[1.475s] writing list of installed files to '/home/anant/gesture_controlled_arm/arm_ws/build/ik_solver/install.log'
[1.509s] Invoked command in '/home/anant/gesture_controlled_arm/arm_ws/src/ik_solver' returned '0': PYTHONPATH=/home/anant/gesture_controlled_arm/arm_ws/build/ik_solver/prefix_override:/usr/lib/python3/dist-packages/colcon_core/task/python/colcon_distutils_commands:/home/anant/gesture_controlled_arm/arm_ws/install/ik_solver/lib/python3.10/site-packages:${PYTHONPATH} /usr/bin/python3 -W ignore:setup.py install is deprecated -W ignore:easy_install command is deprecated setup.py egg_info --egg-base ../../build/ik_solver build --build-base /home/anant/gesture_controlled_arm/arm_ws/build/ik_solver/build install --record /home/anant/gesture_controlled_arm/arm_ws/build/ik_solver/install.log --single-version-externally-managed install_data
