running egg_info
writing ../../build/controller/controller.egg-info/PKG-INFO
writing dependency_links to ../../build/controller/controller.egg-info/dependency_links.txt
writing entry points to ../../build/controller/controller.egg-info/entry_points.txt
writing requirements to ../../build/controller/controller.egg-info/requires.txt
writing top-level names to ../../build/controller/controller.egg-info/top_level.txt
reading manifest file '../../build/controller/controller.egg-info/SOURCES.txt'
writing manifest file '../../build/controller/controller.egg-info/SOURCES.txt'
running build
running build_py
copying controller/__init__.py -> /home/anant/gesture_controlled_arm/arm_ws/build/controller/build/lib/controller
copying controller/controller.py -> /home/anant/gesture_controlled_arm/arm_ws/build/controller/build/lib/controller
running install
running install_lib
running install_data
copying resource/controller -> /home/anant/gesture_controlled_arm/arm_ws/install/controller/share/ament_index/resource_index/packages
copying package.xml -> /home/anant/gesture_controlled_arm/arm_ws/install/controller/share/controller
running install_egg_info
removing '/home/anant/gesture_controlled_arm/arm_ws/install/controller/lib/python3.10/site-packages/controller-0.0.0-py3.10.egg-info' (and everything under it)
Copying ../../build/controller/controller.egg-info to /home/anant/gesture_controlled_arm/arm_ws/install/controller/lib/python3.10/site-packages/controller-0.0.0-py3.10.egg-info
running install_scripts
Installing controller script to /home/anant/gesture_controlled_arm/arm_ws/install/controller/lib/controller
writing list of installed files to '/home/anant/gesture_controlled_arm/arm_ws/build/controller/install.log'
