[1.112s] Invoking command in '/home/anant/gesture_controlled_arm/arm_ws/src/controller': PYTHONPATH=/home/anant/gesture_controlled_arm/arm_ws/build/controller/prefix_override:/usr/lib/python3/dist-packages/colcon_core/task/python/colcon_distutils_commands:/home/anant/gesture_controlled_arm/arm_ws/install/controller/lib/python3.10/site-packages:${PYTHONPATH} /usr/bin/python3 -W ignore:setup.py install is deprecated -W ignore:easy_install command is deprecated setup.py egg_info --egg-base ../../build/controller build --build-base /home/anant/gesture_controlled_arm/arm_ws/build/controller/build install --record /home/anant/gesture_controlled_arm/arm_ws/build/controller/install.log --single-version-externally-managed install_data
[1.311s] running egg_info
[1.323s] writing ../../build/controller/controller.egg-info/PKG-INFO
[1.323s] writing dependency_links to ../../build/controller/controller.egg-info/dependency_links.txt
[1.324s] writing entry points to ../../build/controller/controller.egg-info/entry_points.txt
[1.324s] writing requirements to ../../build/controller/controller.egg-info/requires.txt
[1.324s] writing top-level names to ../../build/controller/controller.egg-info/top_level.txt
[1.351s] reading manifest file '../../build/controller/controller.egg-info/SOURCES.txt'
[1.352s] writing manifest file '../../build/controller/controller.egg-info/SOURCES.txt'
[1.353s] running build
[1.353s] running build_py
[1.353s] copying controller/__init__.py -> /home/anant/gesture_controlled_arm/arm_ws/build/controller/build/lib/controller
[1.353s] copying controller/controller.py -> /home/anant/gesture_controlled_arm/arm_ws/build/controller/build/lib/controller
[1.353s] running install
[1.356s] running install_lib
[1.369s] running install_data
[1.369s] copying resource/controller -> /home/anant/gesture_controlled_arm/arm_ws/install/controller/share/ament_index/resource_index/packages
[1.370s] copying package.xml -> /home/anant/gesture_controlled_arm/arm_ws/install/controller/share/controller
[1.370s] running install_egg_info
[1.383s] removing '/home/anant/gesture_controlled_arm/arm_ws/install/controller/lib/python3.10/site-packages/controller-0.0.0-py3.10.egg-info' (and everything under it)
[1.384s] Copying ../../build/controller/controller.egg-info to /home/anant/gesture_controlled_arm/arm_ws/install/controller/lib/python3.10/site-packages/controller-0.0.0-py3.10.egg-info
[1.385s] running install_scripts
[1.411s] Installing controller script to /home/anant/gesture_controlled_arm/arm_ws/install/controller/lib/controller
[1.412s] writing list of installed files to '/home/anant/gesture_controlled_arm/arm_ws/build/controller/install.log'
[1.444s] Invoked command in '/home/anant/gesture_controlled_arm/arm_ws/src/controller' returned '0': PYTHONPATH=/home/anant/gesture_controlled_arm/arm_ws/build/controller/prefix_override:/usr/lib/python3/dist-packages/colcon_core/task/python/colcon_distutils_commands:/home/anant/gesture_controlled_arm/arm_ws/install/controller/lib/python3.10/site-packages:${PYTHONPATH} /usr/bin/python3 -W ignore:setup.py install is deprecated -W ignore:easy_install command is deprecated setup.py egg_info --egg-base ../../build/controller build --build-base /home/anant/gesture_controlled_arm/arm_ws/build/controller/build install --record /home/anant/gesture_controlled_arm/arm_ws/build/controller/install.log --single-version-externally-managed install_data
