[0.678s] Invoking command in '/home/anant/gesture_controlled_arm/arm_ws/src/controller': PYTHONPATH=/home/anant/gesture_controlled_arm/arm_ws/build/controller/prefix_override:/usr/lib/python3/dist-packages/colcon_core/task/python/colcon_distutils_commands:/home/anant/gesture_controlled_arm/arm_ws/install/controller/lib/python3.10/site-packages:${PYTHONPATH} /usr/bin/python3 -W ignore:setup.py install is deprecated -W ignore:easy_install command is deprecated setup.py egg_info --egg-base ../../build/controller build --build-base /home/anant/gesture_controlled_arm/arm_ws/build/controller/build install --record /home/anant/gesture_controlled_arm/arm_ws/build/controller/install.log --single-version-externally-managed install_data
[0.879s] running egg_info
[0.892s] creating ../../build/controller/controller.egg-info
[0.892s] writing ../../build/controller/controller.egg-info/PKG-INFO
[0.892s] writing dependency_links to ../../build/controller/controller.egg-info/dependency_links.txt
[0.892s] writing entry points to ../../build/controller/controller.egg-info/entry_points.txt
[0.893s] writing requirements to ../../build/controller/controller.egg-info/requires.txt
[0.893s] writing top-level names to ../../build/controller/controller.egg-info/top_level.txt
[0.893s] writing manifest file '../../build/controller/controller.egg-info/SOURCES.txt'
[0.918s] reading manifest file '../../build/controller/controller.egg-info/SOURCES.txt'
[0.919s] writing manifest file '../../build/controller/controller.egg-info/SOURCES.txt'
[0.919s] running build
[0.919s] running build_py
[0.919s] creating /home/anant/gesture_controlled_arm/arm_ws/build/controller/build/lib/controller
[0.920s] copying controller/__init__.py -> /home/anant/gesture_controlled_arm/arm_ws/build/controller/build/lib/controller
[0.920s] copying controller/controller.py -> /home/anant/gesture_controlled_arm/arm_ws/build/controller/build/lib/controller
[0.920s] running install
[0.923s] running install_lib
[0.936s] creating /home/anant/gesture_controlled_arm/arm_ws/install/controller/lib/python3.10/site-packages/controller
[0.936s] copying /home/anant/gesture_controlled_arm/arm_ws/build/controller/build/lib/controller/__init__.py -> /home/anant/gesture_controlled_arm/arm_ws/install/controller/lib/python3.10/site-packages/controller
[0.937s] copying /home/anant/gesture_controlled_arm/arm_ws/build/controller/build/lib/controller/controller.py -> /home/anant/gesture_controlled_arm/arm_ws/install/controller/lib/python3.10/site-packages/controller
[0.937s] byte-compiling /home/anant/gesture_controlled_arm/arm_ws/install/controller/lib/python3.10/site-packages/controller/__init__.py to __init__.cpython-310.pyc
[0.937s] byte-compiling /home/anant/gesture_controlled_arm/arm_ws/install/controller/lib/python3.10/site-packages/controller/controller.py to controller.cpython-310.pyc
[0.937s] running install_data
[0.937s] creating /home/anant/gesture_controlled_arm/arm_ws/install/controller/share/ament_index/resource_index/packages
[0.938s] copying resource/controller -> /home/anant/gesture_controlled_arm/arm_ws/install/controller/share/ament_index/resource_index/packages
[0.938s] copying package.xml -> /home/anant/gesture_controlled_arm/arm_ws/install/controller/share/controller
[0.938s] running install_egg_info
[0.952s] Copying ../../build/controller/controller.egg-info to /home/anant/gesture_controlled_arm/arm_ws/install/controller/lib/python3.10/site-packages/controller-0.0.0-py3.10.egg-info
[0.952s] running install_scripts
[0.979s] Installing controller script to /home/anant/gesture_controlled_arm/arm_ws/install/controller/lib/controller
[0.979s] writing list of installed files to '/home/anant/gesture_controlled_arm/arm_ws/build/controller/install.log'
[0.995s] Invoked command in '/home/anant/gesture_controlled_arm/arm_ws/src/controller' returned '0': PYTHONPATH=/home/anant/gesture_controlled_arm/arm_ws/build/controller/prefix_override:/usr/lib/python3/dist-packages/colcon_core/task/python/colcon_distutils_commands:/home/anant/gesture_controlled_arm/arm_ws/install/controller/lib/python3.10/site-packages:${PYTHONPATH} /usr/bin/python3 -W ignore:setup.py install is deprecated -W ignore:easy_install command is deprecated setup.py egg_info --egg-base ../../build/controller build --build-base /home/anant/gesture_controlled_arm/arm_ws/build/controller/build install --record /home/anant/gesture_controlled_arm/arm_ws/build/controller/install.log --single-version-externally-managed install_data
