[1.144s] Invoking command in '/home/anant/gesture_controlled_arm/arm_ws/src/imu_reader': PYTHONPATH=/home/anant/gesture_controlled_arm/arm_ws/build/imu_reader/prefix_override:/usr/lib/python3/dist-packages/colcon_core/task/python/colcon_distutils_commands:/home/anant/gesture_controlled_arm/arm_ws/install/imu_reader/lib/python3.10/site-packages:${PYTHONPATH} /usr/bin/python3 -W ignore:setup.py install is deprecated -W ignore:easy_install command is deprecated setup.py egg_info --egg-base ../../build/imu_reader build --build-base /home/anant/gesture_controlled_arm/arm_ws/build/imu_reader/build install --record /home/anant/gesture_controlled_arm/arm_ws/build/imu_reader/install.log --single-version-externally-managed install_data
[1.361s] running egg_info
[1.374s] writing ../../build/imu_reader/imu_reader.egg-info/PKG-INFO
[1.375s] writing dependency_links to ../../build/imu_reader/imu_reader.egg-info/dependency_links.txt
[1.375s] writing entry points to ../../build/imu_reader/imu_reader.egg-info/entry_points.txt
[1.375s] writing requirements to ../../build/imu_reader/imu_reader.egg-info/requires.txt
[1.375s] writing top-level names to ../../build/imu_reader/imu_reader.egg-info/top_level.txt
[1.403s] reading manifest file '../../build/imu_reader/imu_reader.egg-info/SOURCES.txt'
[1.404s] writing manifest file '../../build/imu_reader/imu_reader.egg-info/SOURCES.txt'
[1.405s] running build
[1.405s] running build_py
[1.405s] copying imu_reader/__init__.py -> /home/anant/gesture_controlled_arm/arm_ws/build/imu_reader/build/lib/imu_reader
[1.405s] copying imu_reader/imu_reader.py -> /home/anant/gesture_controlled_arm/arm_ws/build/imu_reader/build/lib/imu_reader
[1.405s] running install
[1.408s] running install_lib
[1.424s] running install_data
[1.424s] copying resource/imu_reader -> /home/anant/gesture_controlled_arm/arm_ws/install/imu_reader/share/ament_index/resource_index/packages
[1.424s] copying package.xml -> /home/anant/gesture_controlled_arm/arm_ws/install/imu_reader/share/imu_reader
[1.425s] copying launch/arm_launch.py -> /home/anant/gesture_controlled_arm/arm_ws/install/imu_reader/share/imu_reader/launch
[1.425s] copying launch/manual_test.launch.py -> /home/anant/gesture_controlled_arm/arm_ws/install/imu_reader/share/imu_reader/launch
[1.425s] creating /home/anant/gesture_controlled_arm/arm_ws/install/imu_reader/share/imu_reader/rviz
[1.425s] copying rviz/manual_test.rviz -> /home/anant/gesture_controlled_arm/arm_ws/install/imu_reader/share/imu_reader/rviz
[1.425s] running install_egg_info
[1.439s] removing '/home/anant/gesture_controlled_arm/arm_ws/install/imu_reader/lib/python3.10/site-packages/imu_reader-0.0.0-py3.10.egg-info' (and everything under it)
[1.439s] Copying ../../build/imu_reader/imu_reader.egg-info to /home/anant/gesture_controlled_arm/arm_ws/install/imu_reader/lib/python3.10/site-packages/imu_reader-0.0.0-py3.10.egg-info
[1.440s] running install_scripts
[1.468s] Installing imu_reader script to /home/anant/gesture_controlled_arm/arm_ws/install/imu_reader/lib/imu_reader
[1.468s] writing list of installed files to '/home/anant/gesture_controlled_arm/arm_ws/build/imu_reader/install.log'
[1.497s] Invoked command in '/home/anant/gesture_controlled_arm/arm_ws/src/imu_reader' returned '0': PYTHONPATH=/home/anant/gesture_controlled_arm/arm_ws/build/imu_reader/prefix_override:/usr/lib/python3/dist-packages/colcon_core/task/python/colcon_distutils_commands:/home/anant/gesture_controlled_arm/arm_ws/install/imu_reader/lib/python3.10/site-packages:${PYTHONPATH} /usr/bin/python3 -W ignore:setup.py install is deprecated -W ignore:easy_install command is deprecated setup.py egg_info --egg-base ../../build/imu_reader build --build-base /home/anant/gesture_controlled_arm/arm_ws/build/imu_reader/build install --record /home/anant/gesture_controlled_arm/arm_ws/build/imu_reader/install.log --single-version-externally-managed install_data
