running egg_info
writing ../../build/ik_solver/ik_solver.egg-info/PKG-INFO
writing dependency_links to ../../build/ik_solver/ik_solver.egg-info/dependency_links.txt
writing entry points to ../../build/ik_solver/ik_solver.egg-info/entry_points.txt
writing requirements to ../../build/ik_solver/ik_solver.egg-info/requires.txt
writing top-level names to ../../build/ik_solver/ik_solver.egg-info/top_level.txt
reading manifest file '../../build/ik_solver/ik_solver.egg-info/SOURCES.txt'
writing manifest file '../../build/ik_solver/ik_solver.egg-info/SOURCES.txt'
running build
running build_py
copying ik_solver/ik_solver.py -> /home/anant/gesture_controlled_arm/arm_ws/build/ik_solver/build/lib/ik_solver
copying ik_solver/__init__.py -> /home/anant/gesture_controlled_arm/arm_ws/build/ik_solver/build/lib/ik_solver
running install
running install_lib
copying /home/anant/gesture_controlled_arm/arm_ws/build/ik_solver/build/lib/ik_solver/ik_solver.py -> /home/anant/gesture_controlled_arm/arm_ws/install/ik_solver/lib/python3.10/site-packages/ik_solver
byte-compiling /home/anant/gesture_controlled_arm/arm_ws/install/ik_solver/lib/python3.10/site-packages/ik_solver/ik_solver.py to ik_solver.cpython-310.pyc
running install_data
copying resource/ik_solver -> /home/anant/gesture_controlled_arm/arm_ws/install/ik_solver/share/ament_index/resource_index/packages
copying package.xml -> /home/anant/gesture_controlled_arm/arm_ws/install/ik_solver/share/ik_solver
running install_egg_info
removing '/home/anant/gesture_controlled_arm/arm_ws/install/ik_solver/lib/python3.10/site-packages/ik_solver-0.0.0-py3.10.egg-info' (and everything under it)
Copying ../../build/ik_solver/ik_solver.egg-info to /home/anant/gesture_controlled_arm/arm_ws/install/ik_solver/lib/python3.10/site-packages/ik_solver-0.0.0-py3.10.egg-info
running install_scripts
Installing ik_solver script to /home/anant/gesture_controlled_arm/arm_ws/install/ik_solver/lib/ik_solver
writing list of installed files to '/home/anant/gesture_controlled_arm/arm_ws/build/ik_solver/install.log'
