[0.609s] Invoking command in '/home/anant/gesture_controlled_arm/arm_ws/src/imu_reader': PYTHONPATH=/home/anant/gesture_controlled_arm/arm_ws/build/imu_reader/prefix_override:/usr/lib/python3/dist-packages/colcon_core/task/python/colcon_distutils_commands:/home/anant/gesture_controlled_arm/arm_ws/install/imu_reader/lib/python3.10/site-packages:${PYTHONPATH} /usr/bin/python3 -W ignore:setup.py install is deprecated -W ignore:easy_install command is deprecated setup.py egg_info --egg-base ../../build/imu_reader build --build-base /home/anant/gesture_controlled_arm/arm_ws/build/imu_reader/build install --record /home/anant/gesture_controlled_arm/arm_ws/build/imu_reader/install.log --single-version-externally-managed install_data
[0.789s] running egg_info
[0.800s] writing ../../build/imu_reader/imu_reader.egg-info/PKG-INFO
[0.800s] writing dependency_links to ../../build/imu_reader/imu_reader.egg-info/dependency_links.txt
[0.801s] writing entry points to ../../build/imu_reader/imu_reader.egg-info/entry_points.txt
[0.801s] writing requirements to ../../build/imu_reader/imu_reader.egg-info/requires.txt
[0.801s] writing top-level names to ../../build/imu_reader/imu_reader.egg-info/top_level.txt
[0.824s] reading manifest file '../../build/imu_reader/imu_reader.egg-info/SOURCES.txt'
[0.825s] writing manifest file '../../build/imu_reader/imu_reader.egg-info/SOURCES.txt'
[0.826s] running build
[0.826s] running build_py
[0.826s] copying imu_reader/__init__.py -> /home/anant/gesture_controlled_arm/arm_ws/build/imu_reader/build/lib/imu_reader
[0.826s] copying imu_reader/imu_reader.py -> /home/anant/gesture_controlled_arm/arm_ws/build/imu_reader/build/lib/imu_reader
[0.826s] running install
[0.829s] running install_lib
[0.841s] copying /home/anant/gesture_controlled_arm/arm_ws/build/imu_reader/build/lib/imu_reader/imu_reader.py -> /home/anant/gesture_controlled_arm/arm_ws/install/imu_reader/lib/python3.10/site-packages/imu_reader
[0.842s] byte-compiling /home/anant/gesture_controlled_arm/arm_ws/install/imu_reader/lib/python3.10/site-packages/imu_reader/imu_reader.py to imu_reader.cpython-310.pyc
[0.842s] running install_data
[0.843s] copying resource/imu_reader -> /home/anant/gesture_controlled_arm/arm_ws/install/imu_reader/share/ament_index/resource_index/packages
[0.843s] copying package.xml -> /home/anant/gesture_controlled_arm/arm_ws/install/imu_reader/share/imu_reader
[0.843s] running install_egg_info
[0.855s] removing '/home/anant/gesture_controlled_arm/arm_ws/install/imu_reader/lib/python3.10/site-packages/imu_reader-0.0.0-py3.10.egg-info' (and everything under it)
[0.856s] Copying ../../build/imu_reader/imu_reader.egg-info to /home/anant/gesture_controlled_arm/arm_ws/install/imu_reader/lib/python3.10/site-packages/imu_reader-0.0.0-py3.10.egg-info
[0.856s] running install_scripts
[0.880s] Installing imu_reader script to /home/anant/gesture_controlled_arm/arm_ws/install/imu_reader/lib/imu_reader
[0.881s] writing list of installed files to '/home/anant/gesture_controlled_arm/arm_ws/build/imu_reader/install.log'
[0.898s] Invoked command in '/home/anant/gesture_controlled_arm/arm_ws/src/imu_reader' returned '0': PYTHONPATH=/home/anant/gesture_controlled_arm/arm_ws/build/imu_reader/prefix_override:/usr/lib/python3/dist-packages/colcon_core/task/python/colcon_distutils_commands:/home/anant/gesture_controlled_arm/arm_ws/install/imu_reader/lib/python3.10/site-packages:${PYTHONPATH} /usr/bin/python3 -W ignore:setup.py install is deprecated -W ignore:easy_install command is deprecated setup.py egg_info --egg-base ../../build/imu_reader build --build-base /home/anant/gesture_controlled_arm/arm_ws/build/imu_reader/build install --record /home/anant/gesture_controlled_arm/arm_ws/build/imu_reader/install.log --single-version-externally-managed install_data
