[0.088s] DEBUG:colcon:Command line arguments: ['/usr/bin/colcon', 'build']
[0.088s] DEBUG:colcon:Parsed command line arguments: Namespace(log_base=None, log_level=None, verb_name='build', build_base='build', install_base='install', merge_install=False, symlink_install=False, test_result_base=None, continue_on_error=False, executor='parallel', parallel_workers=16, event_handlers=None, ignore_user_meta=False, metas=['./colcon.meta'], base_paths=['.'], packages_ignore=None, packages_ignore_regex=None, paths=None, packages_up_to=None, packages_up_to_regex=None, packages_above=None, packages_above_and_dependencies=None, packages_above_depth=None, packages_select_by_dep=None, packages_skip_by_dep=None, packages_skip_up_to=None, packages_select_build_failed=False, packages_skip_build_finished=False, packages_select_test_failures=False, packages_skip_test_passed=False, packages_select=None, packages_skip=None, packages_select_regex=None, packages_skip_regex=None, packages_start=None, packages_end=None, allow_overriding=[], cmake_args=None, cmake_target=None, cmake_target_skip_unavailable=False, cmake_clean_cache=False, cmake_clean_first=False, cmake_force_configure=False, ament_cmake_args=None, catkin_cmake_args=None, catkin_skip_building_tests=False, mixin_files=None, mixin=None, verb_parser=<colcon_mixin.mixin.mixin_argument.MixinArgumentDecorator object at 0x77ad19df5e40>, verb_extension=<colcon_core.verb.build.BuildVerb object at 0x77ad19d76b30>, main=<bound method BuildVerb.main of <colcon_core.verb.build.BuildVerb object at 0x77ad19d76b30>>, mixin_verb=('build',))
[0.120s] Level 1:colcon.colcon_core.package_discovery:discover_packages(colcon_meta) check parameters
[0.120s] Level 1:colcon.colcon_core.package_discovery:discover_packages(recursive) check parameters
[0.120s] Level 1:colcon.colcon_core.package_discovery:discover_packages(ignore) check parameters
[0.120s] Level 1:colcon.colcon_core.package_discovery:discover_packages(path) check parameters
[0.120s] Level 1:colcon.colcon_core.package_discovery:discover_packages(colcon_meta) discover
[0.120s] Level 1:colcon.colcon_core.package_discovery:discover_packages(recursive) discover
[0.120s] INFO:colcon.colcon_core.package_discovery:Crawling recursively for packages in '/home/anant/gesture_controlled_arm/arm_ws'
[0.120s] Level 1:colcon.colcon_core.package_identification:_identify(.) by extensions ['ignore', 'ignore_ament_install']
[0.120s] Level 1:colcon.colcon_core.package_identification:_identify(.) by extension 'ignore'
[0.120s] Level 1:colcon.colcon_core.package_identification:_identify(.) by extension 'ignore_ament_install'
[0.121s] Level 1:colcon.colcon_core.package_identification:_identify(.) by extensions ['colcon_pkg']
[0.121s] Level 1:colcon.colcon_core.package_identification:_identify(.) by extension 'colcon_pkg'
[0.121s] Level 1:colcon.colcon_core.package_identification:_identify(.) by extensions ['colcon_meta']
[0.121s] Level 1:colcon.colcon_core.package_identification:_identify(.) by extension 'colcon_meta'
[0.121s] Level 1:colcon.colcon_core.package_identification:_identify(.) by extensions ['ros']
[0.121s] Level 1:colcon.colcon_core.package_identification:_identify(.) by extension 'ros'
[0.132s] Level 1:colcon.colcon_core.package_identification:_identify(.) by extensions ['cmake', 'python']
[0.132s] Level 1:colcon.colcon_core.package_identification:_identify(.) by extension 'cmake'
[0.132s] Level 1:colcon.colcon_core.package_identification:_identify(.) by extension 'python'
[0.132s] Level 1:colcon.colcon_core.package_identification:_identify(.) by extensions ['python_setup_py']
[0.132s] Level 1:colcon.colcon_core.package_identification:_identify(.) by extension 'python_setup_py'
[0.132s] Level 1:colcon.colcon_core.package_identification:_identify(build) by extensions ['ignore', 'ignore_ament_install']
[0.132s] Level 1:colcon.colcon_core.package_identification:_identify(build) by extension 'ignore'
[0.132s] Level 1:colcon.colcon_core.package_identification:_identify(build) ignored
[0.132s] Level 1:colcon.colcon_core.package_identification:_identify(install) by extensions ['ignore', 'ignore_ament_install']
[0.132s] Level 1:colcon.colcon_core.package_identification:_identify(install) by extension 'ignore'
[0.132s] Level 1:colcon.colcon_core.package_identification:_identify(install) ignored
[0.132s] Level 1:colcon.colcon_core.package_identification:_identify(log) by extensions ['ignore', 'ignore_ament_install']
[0.132s] Level 1:colcon.colcon_core.package_identification:_identify(log) by extension 'ignore'
[0.132s] Level 1:colcon.colcon_core.package_identification:_identify(log) ignored
[0.132s] Level 1:colcon.colcon_core.package_identification:_identify(model) by extensions ['ignore', 'ignore_ament_install']
[0.132s] Level 1:colcon.colcon_core.package_identification:_identify(model) by extension 'ignore'
[0.132s] Level 1:colcon.colcon_core.package_identification:_identify(model) by extension 'ignore_ament_install'
[0.132s] Level 1:colcon.colcon_core.package_identification:_identify(model) by extensions ['colcon_pkg']
[0.132s] Level 1:colcon.colcon_core.package_identification:_identify(model) by extension 'colcon_pkg'
[0.133s] Level 1:colcon.colcon_core.package_identification:_identify(model) by extensions ['colcon_meta']
[0.133s] Level 1:colcon.colcon_core.package_identification:_identify(model) by extension 'colcon_meta'
[0.133s] Level 1:colcon.colcon_core.package_identification:_identify(model) by extensions ['ros']
[0.133s] Level 1:colcon.colcon_core.package_identification:_identify(model) by extension 'ros'
[0.133s] Level 1:colcon.colcon_core.package_identification:_identify(model) by extensions ['cmake', 'python']
[0.133s] Level 1:colcon.colcon_core.package_identification:_identify(model) by extension 'cmake'
[0.133s] Level 1:colcon.colcon_core.package_identification:_identify(model) by extension 'python'
[0.133s] Level 1:colcon.colcon_core.package_identification:_identify(model) by extensions ['python_setup_py']
[0.133s] Level 1:colcon.colcon_core.package_identification:_identify(model) by extension 'python_setup_py'
[0.133s] Level 1:colcon.colcon_core.package_identification:_identify(scripts) by extensions ['ignore', 'ignore_ament_install']
[0.133s] Level 1:colcon.colcon_core.package_identification:_identify(scripts) by extension 'ignore'
[0.133s] Level 1:colcon.colcon_core.package_identification:_identify(scripts) by extension 'ignore_ament_install'
[0.133s] Level 1:colcon.colcon_core.package_identification:_identify(scripts) by extensions ['colcon_pkg']
[0.133s] Level 1:colcon.colcon_core.package_identification:_identify(scripts) by extension 'colcon_pkg'
[0.133s] Level 1:colcon.colcon_core.package_identification:_identify(scripts) by extensions ['colcon_meta']
[0.133s] Level 1:colcon.colcon_core.package_identification:_identify(scripts) by extension 'colcon_meta'
[0.133s] Level 1:colcon.colcon_core.package_identification:_identify(scripts) by extensions ['ros']
[0.133s] Level 1:colcon.colcon_core.package_identification:_identify(scripts) by extension 'ros'
[0.133s] Level 1:colcon.colcon_core.package_identification:_identify(scripts) by extensions ['cmake', 'python']
[0.133s] Level 1:colcon.colcon_core.package_identification:_identify(scripts) by extension 'cmake'
[0.133s] Level 1:colcon.colcon_core.package_identification:_identify(scripts) by extension 'python'
[0.133s] Level 1:colcon.colcon_core.package_identification:_identify(scripts) by extensions ['python_setup_py']
[0.133s] Level 1:colcon.colcon_core.package_identification:_identify(scripts) by extension 'python_setup_py'
[0.133s] Level 1:colcon.colcon_core.package_identification:_identify(src) by extensions ['ignore', 'ignore_ament_install']
[0.134s] Level 1:colcon.colcon_core.package_identification:_identify(src) by extension 'ignore'
[0.134s] Level 1:colcon.colcon_core.package_identification:_identify(src) by extension 'ignore_ament_install'
[0.134s] Level 1:colcon.colcon_core.package_identification:_identify(src) by extensions ['colcon_pkg']
[0.134s] Level 1:colcon.colcon_core.package_identification:_identify(src) by extension 'colcon_pkg'
[0.134s] Level 1:colcon.colcon_core.package_identification:_identify(src) by extensions ['colcon_meta']
[0.134s] Level 1:colcon.colcon_core.package_identification:_identify(src) by extension 'colcon_meta'
[0.134s] Level 1:colcon.colcon_core.package_identification:_identify(src) by extensions ['ros']
[0.134s] Level 1:colcon.colcon_core.package_identification:_identify(src) by extension 'ros'
[0.134s] Level 1:colcon.colcon_core.package_identification:_identify(src) by extensions ['cmake', 'python']
[0.134s] Level 1:colcon.colcon_core.package_identification:_identify(src) by extension 'cmake'
[0.134s] Level 1:colcon.colcon_core.package_identification:_identify(src) by extension 'python'
[0.134s] Level 1:colcon.colcon_core.package_identification:_identify(src) by extensions ['python_setup_py']
[0.134s] Level 1:colcon.colcon_core.package_identification:_identify(src) by extension 'python_setup_py'
[0.134s] Level 1:colcon.colcon_core.package_identification:_identify(src/controller) by extensions ['ignore', 'ignore_ament_install']
[0.134s] Level 1:colcon.colcon_core.package_identification:_identify(src/controller) by extension 'ignore'
[0.134s] Level 1:colcon.colcon_core.package_identification:_identify(src/controller) by extension 'ignore_ament_install'
[0.134s] Level 1:colcon.colcon_core.package_identification:_identify(src/controller) by extensions ['colcon_pkg']
[0.134s] Level 1:colcon.colcon_core.package_identification:_identify(src/controller) by extension 'colcon_pkg'
[0.134s] Level 1:colcon.colcon_core.package_identification:_identify(src/controller) by extensions ['colcon_meta']
[0.134s] Level 1:colcon.colcon_core.package_identification:_identify(src/controller) by extension 'colcon_meta'
[0.134s] Level 1:colcon.colcon_core.package_identification:_identify(src/controller) by extensions ['ros']
[0.134s] Level 1:colcon.colcon_core.package_identification:_identify(src/controller) by extension 'ros'
[0.136s] DEBUG:colcon.colcon_core.package_identification:Package 'src/controller' with type 'ros.ament_python' and name 'controller'
[0.136s] Level 1:colcon.colcon_core.package_identification:_identify(src/ik_solver) by extensions ['ignore', 'ignore_ament_install']
[0.136s] Level 1:colcon.colcon_core.package_identification:_identify(src/ik_solver) by extension 'ignore'
[0.136s] Level 1:colcon.colcon_core.package_identification:_identify(src/ik_solver) by extension 'ignore_ament_install'
[0.136s] Level 1:colcon.colcon_core.package_identification:_identify(src/ik_solver) by extensions ['colcon_pkg']
[0.136s] Level 1:colcon.colcon_core.package_identification:_identify(src/ik_solver) by extension 'colcon_pkg'
[0.136s] Level 1:colcon.colcon_core.package_identification:_identify(src/ik_solver) by extensions ['colcon_meta']
[0.136s] Level 1:colcon.colcon_core.package_identification:_identify(src/ik_solver) by extension 'colcon_meta'
[0.136s] Level 1:colcon.colcon_core.package_identification:_identify(src/ik_solver) by extensions ['ros']
[0.136s] Level 1:colcon.colcon_core.package_identification:_identify(src/ik_solver) by extension 'ros'
[0.137s] DEBUG:colcon.colcon_core.package_identification:Package 'src/ik_solver' with type 'ros.ament_python' and name 'ik_solver'
[0.137s] Level 1:colcon.colcon_core.package_identification:_identify(src/imu_reader) by extensions ['ignore', 'ignore_ament_install']
[0.137s] Level 1:colcon.colcon_core.package_identification:_identify(src/imu_reader) by extension 'ignore'
[0.137s] Level 1:colcon.colcon_core.package_identification:_identify(src/imu_reader) by extension 'ignore_ament_install'
[0.137s] Level 1:colcon.colcon_core.package_identification:_identify(src/imu_reader) by extensions ['colcon_pkg']
[0.137s] Level 1:colcon.colcon_core.package_identification:_identify(src/imu_reader) by extension 'colcon_pkg'
[0.137s] Level 1:colcon.colcon_core.package_identification:_identify(src/imu_reader) by extensions ['colcon_meta']
[0.137s] Level 1:colcon.colcon_core.package_identification:_identify(src/imu_reader) by extension 'colcon_meta'
[0.137s] Level 1:colcon.colcon_core.package_identification:_identify(src/imu_reader) by extensions ['ros']
[0.137s] Level 1:colcon.colcon_core.package_identification:_identify(src/imu_reader) by extension 'ros'
[0.137s] DEBUG:colcon.colcon_core.package_identification:Package 'src/imu_reader' with type 'ros.ament_python' and name 'imu_reader'
[0.138s] Level 1:colcon.colcon_core.package_discovery:discover_packages(recursive) using defaults
[0.138s] Level 1:colcon.colcon_core.package_discovery:discover_packages(ignore) discover
[0.138s] Level 1:colcon.colcon_core.package_discovery:discover_packages(ignore) using defaults
[0.138s] Level 1:colcon.colcon_core.package_discovery:discover_packages(path) discover
[0.138s] Level 1:colcon.colcon_core.package_discovery:discover_packages(path) using defaults
[0.154s] Level 1:colcon.colcon_core.package_discovery:discover_packages(prefix_path) check parameters
[0.154s] Level 1:colcon.colcon_core.package_discovery:discover_packages(prefix_path) discover
[0.156s] DEBUG:colcon.colcon_installed_package_information.package_discovery:Found 3 installed packages in /home/anant/gesture_controlled_arm/arm_ws/install
[0.156s] DEBUG:colcon.colcon_installed_package_information.package_discovery:Found 3 installed packages in /home/anant/astra_ws/install
[0.157s] DEBUG:colcon.colcon_installed_package_information.package_discovery:Found 6 installed packages in /home/anant/IRC26_ws/install
[0.157s] DEBUG:colcon.colcon_installed_package_information.package_discovery:Found 7 installed packages in /home/anant/ros2_ws/install
[0.158s] DEBUG:colcon.colcon_installed_package_information.package_discovery:Found 310 installed packages in /opt/ros/humble
[0.159s] Level 1:colcon.colcon_core.package_discovery:discover_packages(prefix_path) using defaults
[0.189s] Level 5:colcon.colcon_core.verb:set package 'controller' build argument 'cmake_args' from command line to 'None'
[0.189s] Level 5:colcon.colcon_core.verb:set package 'controller' build argument 'cmake_target' from command line to 'None'
[0.189s] Level 5:colcon.colcon_core.verb:set package 'controller' build argument 'cmake_target_skip_unavailable' from command line to 'False'
[0.189s] Level 5:colcon.colcon_core.verb:set package 'controller' build argument 'cmake_clean_cache' from command line to 'False'
[0.189s] Level 5:colcon.colcon_core.verb:set package 'controller' build argument 'cmake_clean_first' from command line to 'False'
[0.189s] Level 5:colcon.colcon_core.verb:set package 'controller' build argument 'cmake_force_configure' from command line to 'False'
[0.189s] Level 5:colcon.colcon_core.verb:set package 'controller' build argument 'ament_cmake_args' from command line to 'None'
[0.189s] Level 5:colcon.colcon_core.verb:set package 'controller' build argument 'catkin_cmake_args' from command line to 'None'
[0.189s] Level 5:colcon.colcon_core.verb:set package 'controller' build argument 'catkin_skip_building_tests' from command line to 'False'
[0.189s] DEBUG:colcon.colcon_core.verb:Building package 'controller' with the following arguments: {'ament_cmake_args': None, 'build_base': '/home/anant/gesture_controlled_arm/arm_ws/build/controller', 'catkin_cmake_args': None, 'catkin_skip_building_tests': False, 'cmake_args': None, 'cmake_clean_cache': False, 'cmake_clean_first': False, 'cmake_force_configure': False, 'cmake_target': None, 'cmake_target_skip_unavailable': False, 'install_base': '/home/anant/gesture_controlled_arm/arm_ws/install/controller', 'merge_install': False, 'path': '/home/anant/gesture_controlled_arm/arm_ws/src/controller', 'symlink_install': False, 'test_result_base': None}
[0.189s] Level 5:colcon.colcon_core.verb:set package 'ik_solver' build argument 'cmake_args' from command line to 'None'
[0.189s] Level 5:colcon.colcon_core.verb:set package 'ik_solver' build argument 'cmake_target' from command line to 'None'
[0.189s] Level 5:colcon.colcon_core.verb:set package 'ik_solver' build argument 'cmake_target_skip_unavailable' from command line to 'False'
[0.189s] Level 5:colcon.colcon_core.verb:set package 'ik_solver' build argument 'cmake_clean_cache' from command line to 'False'
[0.189s] Level 5:colcon.colcon_core.verb:set package 'ik_solver' build argument 'cmake_clean_first' from command line to 'False'
[0.189s] Level 5:colcon.colcon_core.verb:set package 'ik_solver' build argument 'cmake_force_configure' from command line to 'False'
[0.189s] Level 5:colcon.colcon_core.verb:set package 'ik_solver' build argument 'ament_cmake_args' from command line to 'None'
[0.189s] Level 5:colcon.colcon_core.verb:set package 'ik_solver' build argument 'catkin_cmake_args' from command line to 'None'
[0.189s] Level 5:colcon.colcon_core.verb:set package 'ik_solver' build argument 'catkin_skip_building_tests' from command line to 'False'
[0.189s] DEBUG:colcon.colcon_core.verb:Building package 'ik_solver' with the following arguments: {'ament_cmake_args': None, 'build_base': '/home/anant/gesture_controlled_arm/arm_ws/build/ik_solver', 'catkin_cmake_args': None, 'catkin_skip_building_tests': False, 'cmake_args': None, 'cmake_clean_cache': False, 'cmake_clean_first': False, 'cmake_force_configure': False, 'cmake_target': None, 'cmake_target_skip_unavailable': False, 'install_base': '/home/anant/gesture_controlled_arm/arm_ws/install/ik_solver', 'merge_install': False, 'path': '/home/anant/gesture_controlled_arm/arm_ws/src/ik_solver', 'symlink_install': False, 'test_result_base': None}
[0.189s] Level 5:colcon.colcon_core.verb:set package 'imu_reader' build argument 'cmake_args' from command line to 'None'
[0.190s] Level 5:colcon.colcon_core.verb:set package 'imu_reader' build argument 'cmake_target' from command line to 'None'
[0.190s] Level 5:colcon.colcon_core.verb:set package 'imu_reader' build argument 'cmake_target_skip_unavailable' from command line to 'False'
[0.190s] Level 5:colcon.colcon_core.verb:set package 'imu_reader' build argument 'cmake_clean_cache' from command line to 'False'
[0.190s] Level 5:colcon.colcon_core.verb:set package 'imu_reader' build argument 'cmake_clean_first' from command line to 'False'
[0.190s] Level 5:colcon.colcon_core.verb:set package 'imu_reader' build argument 'cmake_force_configure' from command line to 'False'
[0.190s] Level 5:colcon.colcon_core.verb:set package 'imu_reader' build argument 'ament_cmake_args' from command line to 'None'
[0.190s] Level 5:colcon.colcon_core.verb:set package 'imu_reader' build argument 'catkin_cmake_args' from command line to 'None'
[0.190s] Level 5:colcon.colcon_core.verb:set package 'imu_reader' build argument 'catkin_skip_building_tests' from command line to 'False'
[0.190s] DEBUG:colcon.colcon_core.verb:Building package 'imu_reader' with the following arguments: {'ament_cmake_args': None, 'build_base': '/home/anant/gesture_controlled_arm/arm_ws/build/imu_reader', 'catkin_cmake_args': None, 'catkin_skip_building_tests': False, 'cmake_args': None, 'cmake_clean_cache': False, 'cmake_clean_first': False, 'cmake_force_configure': False, 'cmake_target': None, 'cmake_target_skip_unavailable': False, 'install_base': '/home/anant/gesture_controlled_arm/arm_ws/install/imu_reader', 'merge_install': False, 'path': '/home/anant/gesture_controlled_arm/arm_ws/src/imu_reader', 'symlink_install': False, 'test_result_base': None}
[0.190s] INFO:colcon.colcon_core.executor:Executing jobs using 'parallel' executor
[0.191s] DEBUG:colcon.colcon_parallel_executor.executor.parallel:run_until_complete
[0.191s] INFO:colcon.colcon_ros.task.ament_python.build:Building ROS package in '/home/anant/gesture_controlled_arm/arm_ws/src/controller' with build type 'ament_python'
[0.191s] Level 1:colcon.colcon_core.shell:create_environment_hook('controller', 'ament_prefix_path')
[0.192s] INFO:colcon.colcon_core.plugin_system:Skipping extension 'colcon_core.shell.bat': Not used on non-Windows systems
[0.193s] INFO:colcon.colcon_core.shell:Creating environment hook '/home/anant/gesture_controlled_arm/arm_ws/install/controller/share/controller/hook/ament_prefix_path.ps1'
[0.193s] INFO:colcon.colcon_core.shell:Creating environment descriptor '/home/anant/gesture_controlled_arm/arm_ws/install/controller/share/controller/hook/ament_prefix_path.dsv'
[0.193s] INFO:colcon.colcon_core.shell:Creating environment hook '/home/anant/gesture_controlled_arm/arm_ws/install/controller/share/controller/hook/ament_prefix_path.sh'
[0.194s] INFO:colcon.colcon_core.shell:Skip shell extension 'powershell' for command environment: Not usable outside of PowerShell
[0.194s] DEBUG:colcon.colcon_core.shell:Skip shell extension 'dsv' for command environment
[0.198s] INFO:colcon.colcon_ros.task.ament_python.build:Building ROS package in '/home/anant/gesture_controlled_arm/arm_ws/src/ik_solver' with build type 'ament_python'
[0.198s] Level 1:colcon.colcon_core.shell:create_environment_hook('ik_solver', 'ament_prefix_path')
[0.198s] INFO:colcon.colcon_core.shell:Creating environment hook '/home/anant/gesture_controlled_arm/arm_ws/install/ik_solver/share/ik_solver/hook/ament_prefix_path.ps1'
[0.199s] INFO:colcon.colcon_core.shell:Creating environment descriptor '/home/anant/gesture_controlled_arm/arm_ws/install/ik_solver/share/ik_solver/hook/ament_prefix_path.dsv'
[0.199s] INFO:colcon.colcon_core.shell:Creating environment hook '/home/anant/gesture_controlled_arm/arm_ws/install/ik_solver/share/ik_solver/hook/ament_prefix_path.sh'
[0.199s] INFO:colcon.colcon_core.shell:Skip shell extension 'powershell' for command environment: Not usable outside of PowerShell
[0.199s] DEBUG:colcon.colcon_core.shell:Skip shell extension 'dsv' for command environment
[0.203s] INFO:colcon.colcon_ros.task.ament_python.build:Building ROS package in '/home/anant/gesture_controlled_arm/arm_ws/src/imu_reader' with build type 'ament_python'
[0.203s] Level 1:colcon.colcon_core.shell:create_environment_hook('imu_reader', 'ament_prefix_path')
[0.204s] INFO:colcon.colcon_core.shell:Creating environment hook '/home/anant/gesture_controlled_arm/arm_ws/install/imu_reader/share/imu_reader/hook/ament_prefix_path.ps1'
[0.204s] INFO:colcon.colcon_core.shell:Creating environment descriptor '/home/anant/gesture_controlled_arm/arm_ws/install/imu_reader/share/imu_reader/hook/ament_prefix_path.dsv'
[0.204s] INFO:colcon.colcon_core.shell:Creating environment hook '/home/anant/gesture_controlled_arm/arm_ws/install/imu_reader/share/imu_reader/hook/ament_prefix_path.sh'
[0.205s] INFO:colcon.colcon_core.shell:Skip shell extension 'powershell' for command environment: Not usable outside of PowerShell
[0.205s] DEBUG:colcon.colcon_core.shell:Skip shell extension 'dsv' for command environment
[0.382s] INFO:colcon.colcon_core.task.python.build:Building Python package in '/home/anant/gesture_controlled_arm/arm_ws/src/controller'
[0.383s] INFO:colcon.colcon_core.shell:Skip shell extension 'powershell' for command environment: Not usable outside of PowerShell
[0.383s] DEBUG:colcon.colcon_core.shell:Skip shell extension 'dsv' for command environment
[0.564s] INFO:colcon.colcon_core.task.python.build:Building Python package in '/home/anant/gesture_controlled_arm/arm_ws/src/ik_solver'
[0.564s] INFO:colcon.colcon_core.shell:Skip shell extension 'powershell' for command environment: Not usable outside of PowerShell
[0.564s] DEBUG:colcon.colcon_core.shell:Skip shell extension 'dsv' for command environment
[0.754s] INFO:colcon.colcon_core.task.python.build:Building Python package in '/home/anant/gesture_controlled_arm/arm_ws/src/imu_reader'
[0.755s] INFO:colcon.colcon_core.shell:Skip shell extension 'powershell' for command environment: Not usable outside of PowerShell
[0.755s] DEBUG:colcon.colcon_core.shell:Skip shell extension 'dsv' for command environment
[1.309s] DEBUG:colcon.colcon_core.event_handler.log_command:Invoking command in '/home/anant/gesture_controlled_arm/arm_ws/src/controller': PYTHONPATH=/home/anant/gesture_controlled_arm/arm_ws/build/controller/prefix_override:/usr/lib/python3/dist-packages/colcon_core/task/python/colcon_distutils_commands:/home/anant/gesture_controlled_arm/arm_ws/install/controller/lib/python3.10/site-packages:${PYTHONPATH} /usr/bin/python3 -W ignore:setup.py install is deprecated -W ignore:easy_install command is deprecated setup.py egg_info --egg-base ../../build/controller build --build-base /home/anant/gesture_controlled_arm/arm_ws/build/controller/build install --record /home/anant/gesture_controlled_arm/arm_ws/build/controller/install.log --single-version-externally-managed install_data
[1.311s] DEBUG:colcon.colcon_core.event_handler.log_command:Invoking command in '/home/anant/gesture_controlled_arm/arm_ws/src/imu_reader': PYTHONPATH=/home/anant/gesture_controlled_arm/arm_ws/build/imu_reader/prefix_override:/usr/lib/python3/dist-packages/colcon_core/task/python/colcon_distutils_commands:/home/anant/gesture_controlled_arm/arm_ws/install/imu_reader/lib/python3.10/site-packages:${PYTHONPATH} /usr/bin/python3 -W ignore:setup.py install is deprecated -W ignore:easy_install command is deprecated setup.py egg_info --egg-base ../../build/imu_reader build --build-base /home/anant/gesture_controlled_arm/arm_ws/build/imu_reader/build install --record /home/anant/gesture_controlled_arm/arm_ws/build/imu_reader/install.log --single-version-externally-managed install_data
[1.320s] DEBUG:colcon.colcon_core.event_handler.log_command:Invoking command in '/home/anant/gesture_controlled_arm/arm_ws/src/ik_solver': PYTHONPATH=/home/anant/gesture_controlled_arm/arm_ws/build/ik_solver/prefix_override:/usr/lib/python3/dist-packages/colcon_core/task/python/colcon_distutils_commands:/home/anant/gesture_controlled_arm/arm_ws/install/ik_solver/lib/python3.10/site-packages:${PYTHONPATH} /usr/bin/python3 -W ignore:setup.py install is deprecated -W ignore:easy_install command is deprecated setup.py egg_info --egg-base ../../build/ik_solver build --build-base /home/anant/gesture_controlled_arm/arm_ws/build/ik_solver/build install --record /home/anant/gesture_controlled_arm/arm_ws/build/ik_solver/install.log --single-version-externally-managed install_data
[1.659s] DEBUG:colcon.colcon_core.event_handler.log_command:Invoked command in '/home/anant/gesture_controlled_arm/arm_ws/src/controller' returned '0': PYTHONPATH=/home/anant/gesture_controlled_arm/arm_ws/build/controller/prefix_override:/usr/lib/python3/dist-packages/colcon_core/task/python/colcon_distutils_commands:/home/anant/gesture_controlled_arm/arm_ws/install/controller/lib/python3.10/site-packages:${PYTHONPATH} /usr/bin/python3 -W ignore:setup.py install is deprecated -W ignore:easy_install command is deprecated setup.py egg_info --egg-base ../../build/controller build --build-base /home/anant/gesture_controlled_arm/arm_ws/build/controller/build install --record /home/anant/gesture_controlled_arm/arm_ws/build/controller/install.log --single-version-externally-managed install_data
[1.660s] Level 1:colcon.colcon_core.environment:checking '/home/anant/gesture_controlled_arm/arm_ws/install/controller' for CMake module files
[1.661s] Level 1:colcon.colcon_core.environment:checking '/home/anant/gesture_controlled_arm/arm_ws/install/controller' for CMake config files
[1.661s] Level 1:colcon.colcon_core.environment:checking '/home/anant/gesture_controlled_arm/arm_ws/install/controller/lib'
[1.661s] Level 1:colcon.colcon_core.environment:checking '/home/anant/gesture_controlled_arm/arm_ws/install/controller/bin'
[1.661s] Level 1:colcon.colcon_core.environment:checking '/home/anant/gesture_controlled_arm/arm_ws/install/controller/lib/pkgconfig/controller.pc'
[1.662s] Level 1:colcon.colcon_core.environment:checking '/home/anant/gesture_controlled_arm/arm_ws/install/controller/lib/python3.10/site-packages'
[1.662s] Level 1:colcon.colcon_core.shell:create_environment_hook('controller', 'pythonpath')
[1.662s] INFO:colcon.colcon_core.shell:Creating environment hook '/home/anant/gesture_controlled_arm/arm_ws/install/controller/share/controller/hook/pythonpath.ps1'
[1.662s] INFO:colcon.colcon_core.shell:Creating environment descriptor '/home/anant/gesture_controlled_arm/arm_ws/install/controller/share/controller/hook/pythonpath.dsv'
[1.663s] INFO:colcon.colcon_core.shell:Creating environment hook '/home/anant/gesture_controlled_arm/arm_ws/install/controller/share/controller/hook/pythonpath.sh'
[1.663s] Level 1:colcon.colcon_core.environment:checking '/home/anant/gesture_controlled_arm/arm_ws/install/controller/bin'
[1.663s] Level 1:colcon.colcon_core.environment:create_environment_scripts_only(controller)
[1.664s] INFO:colcon.colcon_core.shell:Creating package script '/home/anant/gesture_controlled_arm/arm_ws/install/controller/share/controller/package.ps1'
[1.665s] INFO:colcon.colcon_core.shell:Creating package descriptor '/home/anant/gesture_controlled_arm/arm_ws/install/controller/share/controller/package.dsv'
[1.665s] INFO:colcon.colcon_core.shell:Creating package script '/home/anant/gesture_controlled_arm/arm_ws/install/controller/share/controller/package.sh'
[1.666s] INFO:colcon.colcon_core.shell:Creating package script '/home/anant/gesture_controlled_arm/arm_ws/install/controller/share/controller/package.bash'
[1.667s] INFO:colcon.colcon_core.shell:Creating package script '/home/anant/gesture_controlled_arm/arm_ws/install/controller/share/controller/package.zsh'
[1.667s] Level 1:colcon.colcon_core.environment:create_file_with_runtime_dependencies(/home/anant/gesture_controlled_arm/arm_ws/install/controller/share/colcon-core/packages/controller)
[1.678s] Level 1:colcon.colcon_core.environment:checking '/home/anant/gesture_controlled_arm/arm_ws/install/imu_reader' for CMake module files
[1.678s] DEBUG:colcon.colcon_core.event_handler.log_command:Invoked command in '/home/anant/gesture_controlled_arm/arm_ws/src/imu_reader' returned '0': PYTHONPATH=/home/anant/gesture_controlled_arm/arm_ws/build/imu_reader/prefix_override:/usr/lib/python3/dist-packages/colcon_core/task/python/colcon_distutils_commands:/home/anant/gesture_controlled_arm/arm_ws/install/imu_reader/lib/python3.10/site-packages:${PYTHONPATH} /usr/bin/python3 -W ignore:setup.py install is deprecated -W ignore:easy_install command is deprecated setup.py egg_info --egg-base ../../build/imu_reader build --build-base /home/anant/gesture_controlled_arm/arm_ws/build/imu_reader/build install --record /home/anant/gesture_controlled_arm/arm_ws/build/imu_reader/install.log --single-version-externally-managed install_data
[1.679s] Level 1:colcon.colcon_core.environment:checking '/home/anant/gesture_controlled_arm/arm_ws/install/imu_reader' for CMake config files
[1.679s] Level 1:colcon.colcon_core.environment:checking '/home/anant/gesture_controlled_arm/arm_ws/install/imu_reader/lib'
[1.680s] Level 1:colcon.colcon_core.environment:checking '/home/anant/gesture_controlled_arm/arm_ws/install/imu_reader/bin'
[1.680s] Level 1:colcon.colcon_core.environment:checking '/home/anant/gesture_controlled_arm/arm_ws/install/imu_reader/lib/pkgconfig/imu_reader.pc'
[1.680s] Level 1:colcon.colcon_core.environment:checking '/home/anant/gesture_controlled_arm/arm_ws/install/imu_reader/lib/python3.10/site-packages'
[1.680s] Level 1:colcon.colcon_core.shell:create_environment_hook('imu_reader', 'pythonpath')
[1.680s] INFO:colcon.colcon_core.shell:Creating environment hook '/home/anant/gesture_controlled_arm/arm_ws/install/imu_reader/share/imu_reader/hook/pythonpath.ps1'
[1.681s] INFO:colcon.colcon_core.shell:Creating environment descriptor '/home/anant/gesture_controlled_arm/arm_ws/install/imu_reader/share/imu_reader/hook/pythonpath.dsv'
[1.681s] INFO:colcon.colcon_core.shell:Creating environment hook '/home/anant/gesture_controlled_arm/arm_ws/install/imu_reader/share/imu_reader/hook/pythonpath.sh'
[1.682s] Level 1:colcon.colcon_core.environment:checking '/home/anant/gesture_controlled_arm/arm_ws/install/imu_reader/bin'
[1.682s] Level 1:colcon.colcon_core.environment:create_environment_scripts_only(imu_reader)
[1.682s] INFO:colcon.colcon_core.shell:Creating package script '/home/anant/gesture_controlled_arm/arm_ws/install/imu_reader/share/imu_reader/package.ps1'
[1.683s] INFO:colcon.colcon_core.shell:Creating package descriptor '/home/anant/gesture_controlled_arm/arm_ws/install/imu_reader/share/imu_reader/package.dsv'
[1.684s] INFO:colcon.colcon_core.shell:Creating package script '/home/anant/gesture_controlled_arm/arm_ws/install/imu_reader/share/imu_reader/package.sh'
[1.684s] INFO:colcon.colcon_core.shell:Creating package script '/home/anant/gesture_controlled_arm/arm_ws/install/imu_reader/share/imu_reader/package.bash'
[1.684s] INFO:colcon.colcon_core.shell:Creating package script '/home/anant/gesture_controlled_arm/arm_ws/install/imu_reader/share/imu_reader/package.zsh'
[1.685s] Level 1:colcon.colcon_core.environment:create_file_with_runtime_dependencies(/home/anant/gesture_controlled_arm/arm_ws/install/imu_reader/share/colcon-core/packages/imu_reader)
[1.695s] Level 1:colcon.colcon_core.environment:checking '/home/anant/gesture_controlled_arm/arm_ws/install/ik_solver' for CMake module files
[1.696s] DEBUG:colcon.colcon_core.event_handler.log_command:Invoked command in '/home/anant/gesture_controlled_arm/arm_ws/src/ik_solver' returned '0': PYTHONPATH=/home/anant/gesture_controlled_arm/arm_ws/build/ik_solver/prefix_override:/usr/lib/python3/dist-packages/colcon_core/task/python/colcon_distutils_commands:/home/anant/gesture_controlled_arm/arm_ws/install/ik_solver/lib/python3.10/site-packages:${PYTHONPATH} /usr/bin/python3 -W ignore:setup.py install is deprecated -W ignore:easy_install command is deprecated setup.py egg_info --egg-base ../../build/ik_solver build --build-base /home/anant/gesture_controlled_arm/arm_ws/build/ik_solver/build install --record /home/anant/gesture_controlled_arm/arm_ws/build/ik_solver/install.log --single-version-externally-managed install_data
[1.696s] Level 1:colcon.colcon_core.environment:checking '/home/anant/gesture_controlled_arm/arm_ws/install/ik_solver' for CMake config files
[1.697s] Level 1:colcon.colcon_core.environment:checking '/home/anant/gesture_controlled_arm/arm_ws/install/ik_solver/lib'
[1.697s] Level 1:colcon.colcon_core.environment:checking '/home/anant/gesture_controlled_arm/arm_ws/install/ik_solver/bin'
[1.697s] Level 1:colcon.colcon_core.environment:checking '/home/anant/gesture_controlled_arm/arm_ws/install/ik_solver/lib/pkgconfig/ik_solver.pc'
[1.697s] Level 1:colcon.colcon_core.environment:checking '/home/anant/gesture_controlled_arm/arm_ws/install/ik_solver/lib/python3.10/site-packages'
[1.697s] Level 1:colcon.colcon_core.shell:create_environment_hook('ik_solver', 'pythonpath')
[1.697s] INFO:colcon.colcon_core.shell:Creating environment hook '/home/anant/gesture_controlled_arm/arm_ws/install/ik_solver/share/ik_solver/hook/pythonpath.ps1'
[1.698s] INFO:colcon.colcon_core.shell:Creating environment descriptor '/home/anant/gesture_controlled_arm/arm_ws/install/ik_solver/share/ik_solver/hook/pythonpath.dsv'
[1.698s] INFO:colcon.colcon_core.shell:Creating environment hook '/home/anant/gesture_controlled_arm/arm_ws/install/ik_solver/share/ik_solver/hook/pythonpath.sh'
[1.699s] Level 1:colcon.colcon_core.environment:checking '/home/anant/gesture_controlled_arm/arm_ws/install/ik_solver/bin'
[1.699s] Level 1:colcon.colcon_core.environment:create_environment_scripts_only(ik_solver)
[1.700s] INFO:colcon.colcon_core.shell:Creating package script '/home/anant/gesture_controlled_arm/arm_ws/install/ik_solver/share/ik_solver/package.ps1'
[1.700s] INFO:colcon.colcon_core.shell:Creating package descriptor '/home/anant/gesture_controlled_arm/arm_ws/install/ik_solver/share/ik_solver/package.dsv'
[1.701s] INFO:colcon.colcon_core.shell:Creating package script '/home/anant/gesture_controlled_arm/arm_ws/install/ik_solver/share/ik_solver/package.sh'
[1.701s] INFO:colcon.colcon_core.shell:Creating package script '/home/anant/gesture_controlled_arm/arm_ws/install/ik_solver/share/ik_solver/package.bash'
[1.702s] INFO:colcon.colcon_core.shell:Creating package script '/home/anant/gesture_controlled_arm/arm_ws/install/ik_solver/share/ik_solver/package.zsh'
[1.702s] Level 1:colcon.colcon_core.environment:create_file_with_runtime_dependencies(/home/anant/gesture_controlled_arm/arm_ws/install/ik_solver/share/colcon-core/packages/ik_solver)
[1.702s] DEBUG:colcon.colcon_parallel_executor.executor.parallel:closing loop
[1.702s] DEBUG:colcon.colcon_parallel_executor.executor.parallel:loop closed
[1.702s] DEBUG:colcon.colcon_parallel_executor.executor.parallel:run_until_complete finished with '0'
[1.703s] DEBUG:colcon.colcon_core.event_reactor:joining thread
[1.707s] INFO:colcon.colcon_core.plugin_system:Skipping extension 'colcon_notification.desktop_notification.terminal_notifier': Not used on non-Darwin systems
[1.707s] INFO:colcon.colcon_core.plugin_system:Skipping extension 'colcon_notification.desktop_notification.win32': Not used on non-Windows systems
[1.707s] INFO:colcon.colcon_notification.desktop_notification:Sending desktop notification using 'notify2'
[1.717s] DEBUG:colcon.colcon_core.event_reactor:joined thread
[1.717s] INFO:colcon.colcon_core.shell:Creating prefix script '/home/anant/gesture_controlled_arm/arm_ws/install/local_setup.ps1'
[1.718s] INFO:colcon.colcon_core.shell:Creating prefix util module '/home/anant/gesture_controlled_arm/arm_ws/install/_local_setup_util_ps1.py'
[1.719s] INFO:colcon.colcon_core.shell:Creating prefix chain script '/home/anant/gesture_controlled_arm/arm_ws/install/setup.ps1'
[1.720s] INFO:colcon.colcon_core.shell:Creating prefix script '/home/anant/gesture_controlled_arm/arm_ws/install/local_setup.sh'
[1.720s] INFO:colcon.colcon_core.shell:Creating prefix util module '/home/anant/gesture_controlled_arm/arm_ws/install/_local_setup_util_sh.py'
[1.721s] INFO:colcon.colcon_core.shell:Creating prefix chain script '/home/anant/gesture_controlled_arm/arm_ws/install/setup.sh'
[1.722s] INFO:colcon.colcon_core.shell:Creating prefix script '/home/anant/gesture_controlled_arm/arm_ws/install/local_setup.bash'
[1.723s] INFO:colcon.colcon_core.shell:Creating prefix chain script '/home/anant/gesture_controlled_arm/arm_ws/install/setup.bash'
[1.724s] INFO:colcon.colcon_core.shell:Creating prefix script '/home/anant/gesture_controlled_arm/arm_ws/install/local_setup.zsh'
[1.725s] INFO:colcon.colcon_core.shell:Creating prefix chain script '/home/anant/gesture_controlled_arm/arm_ws/install/setup.zsh'
